<?xml version="1.0" encoding="UTF-8"?>
<!-- Generated by org.testng.reporters.JUnitXMLReporter -->
<testsuite ignored="0" hostname="Gauri" failures="0" tests="4" name="Test" time="32.288" errors="0" timestamp="2025-01-25T21:26:14 IST">
  <testcase classname="TestLayer.LoginTest" name="loginFunctionality" time="3.635"/>
  <testcase classname="TestLayer.AddToCartTest" name="AddToCartPage" time="3.392"/>
  <testcase classname="TestLayer.ContainerTest" name="checkoutFunctionality" time="0.112"/>
  <testcase classname="TestLayer.PersonalDetailTest" name="AddToCartPage" time="3.81"/>
</testsuite> <!-- Test -->
