<?xml version="1.0" encoding="UTF-8"?>
<testng-results ignored="0" total="4" passed="4" failed="0" skipped="0">
  <reporter-output>
  </reporter-output>
  <suite started-at="2025-01-25T21:25:42 IST" name="SauceDemo" finished-at="2025-01-25T21:26:14 IST" duration-ms="32288">
    <groups>
    </groups>
    <test started-at="2025-01-25T21:25:42 IST" name="Test" finished-at="2025-01-25T21:26:14 IST" duration-ms="32288">
      <class name="TestLayer.PersonalDetailTest">
        <test-method signature="AddToCartPage(java.lang.String,java.lang.String,java.lang.String)[pri:1, instance:TestLayer.PersonalDetailTest@f6efaab]" started-at="2025-01-25T21:26:10 IST" name="AddToCartPage" finished-at="2025-01-25T21:26:14 IST" duration-ms="3810" status="PASS">
          <params>
            <param index="0">
              <value>
                <![CDATA[Gauri]]>
              </value>
            </param>
            <param index="1">
              <value>
                <![CDATA[Lakade]]>
              </value>
            </param>
            <param index="2">
              <value>
                <![CDATA[415523]]>
              </value>
            </param>
          </params>
          <reporter-output>
          </reporter-output>
        </test-method> <!-- AddToCartPage -->
      </class> <!-- TestLayer.PersonalDetailTest -->
      <class name="TestLayer.ContainerTest">
        <test-method signature="checkoutFunctionality()[pri:1, instance:TestLayer.ContainerTest@74f0ea28]" started-at="2025-01-25T21:26:10 IST" name="checkoutFunctionality" finished-at="2025-01-25T21:26:10 IST" duration-ms="112" status="PASS">
          <reporter-output>
          </reporter-output>
        </test-method> <!-- checkoutFunctionality -->
      </class> <!-- TestLayer.ContainerTest -->
      <class name="TestLayer.AddToCartTest">
        <test-method signature="AddToCartPage()[pri:1, instance:TestLayer.AddToCartTest@1283bb96]" started-at="2025-01-25T21:26:07 IST" name="AddToCartPage" finished-at="2025-01-25T21:26:10 IST" duration-ms="3392" status="PASS">
          <reporter-output>
          </reporter-output>
        </test-method> <!-- AddToCartPage -->
      </class> <!-- TestLayer.AddToCartTest -->
      <class name="TestLayer.LoginTest">
        <test-method is-config="true" signature="setup(java.lang.String)[pri:0, instance:TestLayer.LoginTest@1bd4fdd]" started-at="2025-01-25T21:25:42 IST" name="setup" finished-at="2025-01-25T21:26:03 IST" duration-ms="21259" status="PASS">
          <params>
            <param index="0">
              <value>
                <![CDATA[chrome]]>
              </value>
            </param>
          </params>
          <reporter-output>
          </reporter-output>
        </test-method> <!-- setup -->
        <test-method signature="loginFunctionality(java.lang.String,java.lang.String)[pri:2, instance:TestLayer.LoginTest@1bd4fdd]" started-at="2025-01-25T21:26:03 IST" name="loginFunctionality" finished-at="2025-01-25T21:26:07 IST" duration-ms="3635" status="PASS">
          <params>
            <param index="0">
              <value>
                <![CDATA[standard_user]]>
              </value>
            </param>
            <param index="1">
              <value>
                <![CDATA[secret_sauce]]>
              </value>
            </param>
          </params>
          <reporter-output>
          </reporter-output>
        </test-method> <!-- loginFunctionality -->
      </class> <!-- TestLayer.LoginTest -->
    </test> <!-- Test -->
  </suite> <!-- SauceDemo -->
</testng-results>
